#
# A fatal error has been detected by the Java Runtime Environment:
#
#  EXCEPTION_ACCESS_VIOLATION (0xc0000005) at pc=0x0000000062b162ba, pid=9164, tid=6732
#
# JRE version: 6.0_17-b04
# Java VM: Java HotSpot(TM) 64-Bit Server VM (14.3-b01 mixed mode windows-amd64 )
# Problematic frame:
# C  0x0000000062b162ba
#
# If you would like to submit a bug report, please visit:
#   http://java.sun.com/webapps/bugreport/crash.jsp
# The crash happened outside the Java Virtual Machine in native code.
# See problematic frame for where to report the bug.
#

---------------  T H R E A D  ---------------

Current thread (0x000000006f8fa800):  JavaThread "Thread-38" [_thread_in_native, id=6732, stack(0x0000000009df0000,0x0000000009e70000)]

siginfo: ExceptionCode=0xc0000005, reading address 0x0000000000000000

Registers:
EAX=0x0000000009e6ece8, EBX=0x0000000031714790, ECX=0x0000000000000000, EDX=0x00000000fffffc74
ESP=0x0000000009e6ecc0, EBP=0x0000000009e6ed70, ESI=0x000000003016ab68, EDI=0x000000002ce55969
EIP=0x0000000062b162ba, EFLAGS=0x0000000000010202

Top of Stack: (sp=0x0000000009e6ecc0)
0x0000000009e6ecc0:   0000000000000000 0000000009e6ecc8
0x0000000009e6ecd0:   000000003009d54a 0000000009e6ed20
0x0000000009e6ece0:   fffffffffffffffe 0000000000000000
0x0000000009e6ecf0:   0000000000000000 0000000000000000
0x0000000009e6ed00:   000000002ce55969 000000002ce61588
0x0000000009e6ed10:   0000000031714790 000000003016ab68
0x0000000009e6ed20:   0000000041db6578 0000000009e6ed28
0x0000000009e6ed30:   0000000009e6ed30 0000000000000000
0x0000000009e6ed40:   0000000009e6ed88 00000000317157e0
0x0000000009e6ed50:   0000000000000000 0000000031714790
0x0000000009e6ed60:   0000000000000000 0000000009e6ed90
0x0000000009e6ed70:   0000000009e6edd0 000000002ce559f3
0x0000000009e6ed80:   0000000031714bb0 000000002ce5de57
0x0000000009e6ed90:   0000000009e6ed90 00000000317140b8
0x0000000009e6eda0:   0000000009e6ede8 00000000317157e0
0x0000000009e6edb0:   0000000000000000 00000000317140d0 

Instructions: (pc=0x0000000062b162ba)
0x0000000062b162aa:   8d 4c 24 28 ff 15 34 da 07 00 90 48 8b 4c 24 28
0x0000000062b162ba:   48 8b 01 48 8d 54 24 60 ff 50 08 48 8b 74 24 60 


Stack: [0x0000000009df0000,0x0000000009e70000],  sp=0x0000000009e6ecc0,  free space=507k
Native frames: (J=compiled Java code, j=interpreted, Vv=VM code, C=native code)
C  0x0000000062b162ba
j  com.mathworks.mvm.MvmFactory.getCurrentMVM()Lcom/mathworks/mvm/MVM;+0
j  com.mathworks.mvm.context.MvmContext.get()Lcom/mathworks/mvm/MVM;+14
j  com.mathworks.appmanagement.SettingsUtility.getSettingPath()Lcom/mathworks/services/settings/SettingPath;+0
j  com.mathworks.appmanagement.SettingsUtility.getSetting(Lcom/mathworks/appmanagement/AppPrefKey;)Lcom/mathworks/services/settings/Setting;+4
j  com.mathworks.appmanagement.SettingsUtility.isStringSettingSet(Lcom/mathworks/appmanagement/AppPrefKey;)Ljava/lang/Boolean;+1
j  com.mathworks.appmanagement.AppManagementApiImpl.getMyAppsLocation()Ljava/io/File;+3
j  com.mathworks.appmanagement.AppManagementApiImpl.getInstalledAppsMap()Ljava/util/Map;+9
j  com.mathworks.appmanagement.AppManagementApiImpl.getInstalledApps()[Lcom/mathworks/appmanagement/AppMetadata;+9
j  com.mathworks.appmanagement.AppManagementApiImpl.access$400(Lcom/mathworks/appmanagement/AppManagementApiImpl;)[Lcom/mathworks/appmanagement/AppMetadata;+1
j  com.mathworks.appmanagement.AppManagementApiImpl$1.run()V+15
j  java.lang.Thread.run()V+11
v  ~StubRoutines::call_stub

Java frames: (J=compiled Java code, j=interpreted, Vv=VM code)
j  com.mathworks.mvm.MvmFactory.nativeGetCurrentMvmHandle()J+0
j  com.mathworks.mvm.MvmFactory.getCurrentMVM()Lcom/mathworks/mvm/MVM;+0
j  com.mathworks.mvm.context.MvmContext.get()Lcom/mathworks/mvm/MVM;+14
j  com.mathworks.appmanagement.SettingsUtility.getSettingPath()Lcom/mathworks/services/settings/SettingPath;+0
j  com.mathworks.appmanagement.SettingsUtility.getSetting(Lcom/mathworks/appmanagement/AppPrefKey;)Lcom/mathworks/services/settings/Setting;+4
j  com.mathworks.appmanagement.SettingsUtility.isStringSettingSet(Lcom/mathworks/appmanagement/AppPrefKey;)Ljava/lang/Boolean;+1
j  com.mathworks.appmanagement.AppManagementApiImpl.getMyAppsLocation()Ljava/io/File;+3
j  com.mathworks.appmanagement.AppManagementApiImpl.getInstalledAppsMap()Ljava/util/Map;+9
j  com.mathworks.appmanagement.AppManagementApiImpl.getInstalledApps()[Lcom/mathworks/appmanagement/AppMetadata;+9
j  com.mathworks.appmanagement.AppManagementApiImpl.access$400(Lcom/mathworks/appmanagement/AppManagementApiImpl;)[Lcom/mathworks/appmanagement/AppMetadata;+1
j  com.mathworks.appmanagement.AppManagementApiImpl$1.run()V+15
j  java.lang.Thread.run()V+11
v  ~StubRoutines::call_stub

---------------  P R O C E S S  ---------------

Java Threads: ( => current thread )
=>0x000000006f8fa800 JavaThread "Thread-38" [_thread_in_native, id=6732, stack(0x0000000009df0000,0x0000000009e70000)]
  0x000000006f8ff000 JavaThread "Image Fetcher 1" daemon [_thread_blocked, id=1124, stack(0x00000000725f0000,0x0000000072670000)]
  0x000000006f8f8000 JavaThread "Image Fetcher 0" daemon [_thread_blocked, id=5132, stack(0x0000000062e80000,0x0000000062f00000)]
  0x000000006f8f7000 JavaThread "Inactive RequestProcessor thread [Was:TimedSoftReference/org.openide.util.TimedSoftReference]" daemon [_thread_blocked, id=7720, stack(0x0000000009fd0000,0x000000000a050000)]
  0x000000006f8f9800 JavaThread "Active Reference Queue Daemon" daemon [_thread_blocked, id=5636, stack(0x0000000063330000,0x00000000633b0000)]
  0x000000006f8fa000 JavaThread "Timer-7" daemon [_thread_blocked, id=5528, stack(0x00000000632b0000,0x0000000063330000)]
  0x00000000614ca800 JavaThread "Timer-6" daemon [_thread_blocked, id=4704, stack(0x00000000631b0000,0x0000000063230000)]
  0x00000000614c9000 JavaThread "Explorer NavigationContext request queue" [_thread_blocked, id=8600, stack(0x0000000063100000,0x0000000063180000)]
  0x00000000614cb000 JavaThread "AddressBar directory emptiness poller" [_thread_blocked, id=3644, stack(0x0000000062f80000,0x0000000063000000)]
  0x00000000614c8800 JavaThread "Explorer Refresh Service 1684219621" [_thread_blocked, id=4548, stack(0x0000000062f00000,0x0000000062f80000)]
  0x00000000614c7800 JavaThread "Timer-1" daemon [_thread_blocked, id=3108, stack(0x0000000062cd0000,0x0000000062d50000)]
  0x00000000614c7000 JavaThread "TimerQueue" daemon [_thread_blocked, id=9080, stack(0x0000000061f60000,0x0000000061fe0000)]
  0x00000000614c6000 JavaThread "Thread-5" daemon [_thread_blocked, id=7016, stack(0x000000000ff00000,0x000000000ff80000)]
  0x00000000614b7800 JavaThread "AWT-EventQueue-0" [_thread_blocked, id=6564, stack(0x000000000fe80000,0x000000000ff00000)]
  0x00000000613c4800 JavaThread "com.google.common.base.internal.Finalizer" daemon [_thread_blocked, id=6172, stack(0x000000000ef20000,0x000000000efa0000)]
  0x000000006064b800 JavaThread "AWT-Windows" daemon [_thread_in_native, id=8132, stack(0x000000000ee10000,0x000000000ee90000)]
  0x000000006064b000 JavaThread "AWT-Shutdown" [_thread_blocked, id=7100, stack(0x000000000ed90000,0x000000000ee10000)]
  0x000000006064a000 JavaThread "Java2D Disposer" daemon [_thread_blocked, id=1316, stack(0x000000000ed10000,0x000000000ed90000)]
  0x0000000061073800 JavaThread "Timer-0" [_thread_blocked, id=5916, stack(0x000000000ec90000,0x000000000ed10000)]
  0x0000000060f3c000 JavaThread "EventMgr Dispatcher" daemon [_thread_in_native, id=8256, stack(0x000000000a0c0000,0x000000000e0c0000)]
  0x000000000e809000 JavaThread "Low Memory Detector" daemon [_thread_blocked, id=8016, stack(0x000000000ea40000,0x000000000eac0000)]
  0x000000000e803800 JavaThread "CompilerThread1" daemon [_thread_blocked, id=7284, stack(0x000000007bca0000,0x000000007fca0000)]
  0x000000000e7fb000 JavaThread "CompilerThread0" daemon [_thread_blocked, id=8848, stack(0x000000006b570000,0x000000006f570000)]
  0x000000000e7fa800 JavaThread "Attach Listener" daemon [_thread_blocked, id=6808, stack(0x000000000e9c0000,0x000000000ea40000)]
  0x000000000e7c4000 JavaThread "Finalizer" daemon [_thread_blocked, id=5200, stack(0x000000000e940000,0x000000000e9c0000)]
  0x000000000e7c3800 JavaThread "Reference Handler" daemon [_thread_blocked, id=7144, stack(0x000000000e8c0000,0x000000000e940000)]
  0x00000000094c0800 JavaThread "main" [_thread_in_native, id=1280, stack(0x00000000006b0000,0x00000000046b0000)]

Other Threads:
  0x00000000095a3000 VMThread [stack: 0x0000000067570000,0x000000006b570000] [id=6988]
  0x000000000e82b000 WatcherThread [stack: 0x000000007fff0000,0x0000000083ff0000] [id=8592]

VM state:not at safepoint (normal execution)

VM Mutex/Monitor currently owned by a thread: None

Heap
 PSYoungGen      total 32000K, used 20501K [0x0000000041150000, 0x0000000043ed0000, 0x0000000044250000)
  eden space 17152K, 78% used [0x0000000041150000,0x0000000041e88368,0x0000000042210000)
  from space 14848K, 46% used [0x0000000042210000,0x00000000428dd248,0x0000000043090000)
  to   space 14464K, 0% used [0x00000000430b0000,0x00000000430b0000,0x0000000043ed0000)
 PSOldGen        total 54976K, used 36683K [0x0000000037e50000, 0x000000003b400000, 0x0000000041150000)
  object space 54976K, 66% used [0x0000000037e50000,0x000000003a222d18,0x000000003b400000)
 PSPermGen       total 85120K, used 59280K [0x000000002fe50000, 0x0000000035170000, 0x0000000037e50000)
  object space 85120K, 69% used [0x000000002fe50000,0x00000000338343c8,0x0000000035170000)

Dynamic libraries:
0x00007ff72a640000 - 0x00007ff72a66d000 	C:\Program Files\MATLAB\R2012b\bin\win64\MATLAB.exe
0x00007ff978850000 - 0x00007ff9789f9000 	C:\WINDOWS\SYSTEM32\ntdll.dll
0x00007ff978710000 - 0x00007ff978849000 	C:\WINDOWS\system32\KERNEL32.DLL
0x00007ff975ca0000 - 0x00007ff975daf000 	C:\WINDOWS\system32\KERNELBASE.dll
0x0000000074460000 - 0x000000007451f000 	C:\Program Files\MATLAB\R2012b\bin\win64\libut.dll
0x0000000180000000 - 0x00000001802dc000 	C:\Program Files\MATLAB\R2012b\bin\win64\libmwservices.dll
0x0000000074970000 - 0x0000000074a31000 	C:\Program Files\MATLAB\R2012b\bin\win64\mcr.dll
0x0000000075e50000 - 0x0000000075f23000 	C:\WINDOWS\WinSxS\amd64_microsoft.vc90.crt_1fc8b3b9a1e18e3b_9.0.30729.8387_none_08e793bfa83a89b5\MSVCP90.dll
0x0000000075f30000 - 0x0000000075fd3000 	C:\WINDOWS\WinSxS\amd64_microsoft.vc90.crt_1fc8b3b9a1e18e3b_9.0.30729.8387_none_08e793bfa83a89b5\MSVCR90.dll
0x00000000758a0000 - 0x000000007595c000 	C:\Program Files\MATLAB\R2012b\bin\win64\libmwi18n.dll
0x0000000073f70000 - 0x000000007411d000 	C:\Program Files\MATLAB\R2012b\bin\win64\libmwfl.dll
0x000000007a3b0000 - 0x000000007a3c0000 	C:\Program Files\MATLAB\R2012b\bin\win64\boost_date_time-vc90-mt-1_44.dll
0x000000007a560000 - 0x000000007a569000 	C:\Program Files\MATLAB\R2012b\bin\win64\boost_system-vc90-mt-1_44.dll
0x000000007a2d0000 - 0x000000007a2e2000 	C:\Program Files\MATLAB\R2012b\bin\win64\boost_thread-vc90-mt-1_44.dll
0x00000000048a0000 - 0x000000000495d000 	C:\Program Files\MATLAB\R2012b\bin\win64\boost_log-vc90-mt-1_44.dll
0x00000000752f0000 - 0x0000000075461000 	C:\Program Files\MATLAB\R2012b\bin\win64\icuuc44.dll
0x00000000752d0000 - 0x00000000752e3000 	C:\Program Files\MATLAB\R2012b\bin\win64\icuio44.dll
0x0000000004960000 - 0x00000000049a6000 	C:\Program Files\MATLAB\R2012b\bin\win64\tbb.dll
0x00007ff9767c0000 - 0x00007ff9767c7000 	C:\WINDOWS\system32\PSAPI.DLL
0x00007ff95df60000 - 0x00007ff95e0e8000 	C:\WINDOWS\SYSTEM32\dbghelp.dll
0x00007ff976bf0000 - 0x00007ff976c95000 	C:\WINDOWS\system32\ADVAPI32.dll
0x00007ff976a70000 - 0x00007ff976be1000 	C:\WINDOWS\system32\USER32.dll
0x0000000075a20000 - 0x0000000075af3000 	C:\Program Files\MATLAB\R2012b\bin\win64\libmx.dll
0x00000000049c0000 - 0x0000000004a0d000 	C:\Program Files\MATLAB\R2012b\bin\win64\libmwregexp.dll
0x0000000004a10000 - 0x0000000004a33000 	C:\Program Files\MATLAB\R2012b\bin\win64\libmwmfl_scalar.dll
